Build started 11/24/2012 12:06:02 AM.
     1>Project "C:\Users\Brian\Dropbox\Senior Design 2012\OpenCV\RobotPosition\RobotPosition\RobotPosition.vcxproj" on node 2 (Build target(s)).
     1>ClCompile:
         F:\Program Files (x86)\Microsoft Visual Studio 11.0\VC\bin\CL.exe /c /IC:\OpenCV2.4.3\opencv\cvblobslib_OpenCV_v8_3\Release /IC:\OpenCV2.4.3\opencv\include /IC:\OpenCV2.4.3\opencv\include\opencv /Zi /nologo /W3 /WX- /O2 /Oi /Oy- /GL /D WIN32 /D NDEBUG /D _CONSOLE /D _UNICODE /D UNICODE /Gm- /EHsc /MD /GS /Gy /fp:precise /Zc:wchar_t /Zc:forScope /Fo"Release\\" /Fd"Release\vc110.pdb" /Gd /TP /analyze- /errorReport:prompt blobdemo.cpp
         blobdemo.cpp
     1>C:\OpenCV2.4.3\opencv\include\opencv\cv.h(63): fatal error C1083: Cannot open include file: 'opencv2/core/core_c.h': No such file or directory
     1>Done Building Project "C:\Users\Brian\Dropbox\Senior Design 2012\OpenCV\RobotPosition\RobotPosition\RobotPosition.vcxproj" (Build target(s)) -- FAILED.

Build FAILED.

Time Elapsed 00:00:00.06
